[[1;32mINFO[0m   ] [Logger      ] Record log in /Users/mbrebion/.kivy/logs/kivy_19-07-02_36.txt
[[1;32mINFO[0m   ] [Kivy        ] v1.10.1
[[1;32mINFO[0m   ] [Python      ] v3.7.3 (default, Mar 27 2019, 09:23:15) 
[Clang 10.0.1 (clang-1001.0.46.3)]
[[1;32mINFO[0m   ] [Factory     ] 194 symbols loaded
[[1;32mINFO[0m   ] [Image       ] Providers: img_tex, img_imageio, img_dds, img_sdl2, img_pil, img_gif (img_ffpyplayer ignored)
[[1;32mINFO[0m   ] [Text        ] Provider: sdl2
[[1;32mINFO[0m   ] [Window      ] Provider: sdl2
[[1;32mINFO[0m   ] [GL          ] Using the "OpenGL ES 2" graphics system
[[1;32mINFO[0m   ] [GL          ] Backend used <gl>
[[1;32mINFO[0m   ] [GL          ] OpenGL version <b'2.1 INTEL-12.9.22'>
[[1;32mINFO[0m   ] [GL          ] OpenGL vendor <b'Intel Inc.'>
[[1;32mINFO[0m   ] [GL          ] OpenGL renderer <b'Intel HD Graphics 5000 OpenGL Engine'>
[[1;32mINFO[0m   ] [GL          ] OpenGL parsed version: 2, 1
[[1;32mINFO[0m   ] [GL          ] Shading version <b'1.20'>
[[1;32mINFO[0m   ] [GL          ] Texture max size <16384>
[[1;32mINFO[0m   ] [GL          ] Texture max units <16>
[[1;32mINFO[0m   ] [Window      ] auto add sdl2 input provider
[[1;32mINFO[0m   ] [Window      ] virtual keyboard not allowed, single mode, not docked
[[1;32mINFO[0m   ] [Base        ] Start application main loop
[[1;32mINFO[0m   ] [GL          ] NPOT texture support is available
[[1;32mINFO[0m   ] [Base        ] Leaving application in progress...
[[1;32mINFO[0m   ] networkUDP succesfully closed
my name is :  mba.local
received list of remotes
dict_keys(['mba.local'])
closing app
[[1;32mINFO[0m   ] [Logger      ] Record log in /Users/mbrebion/.kivy/logs/kivy_19-07-02_37.txt
[[1;32mINFO[0m   ] [Kivy        ] v1.10.1
[[1;32mINFO[0m   ] [Python      ] v3.7.3 (default, Mar 27 2019, 09:23:15) 
[Clang 10.0.1 (clang-1001.0.46.3)]
[[1;32mINFO[0m   ] [Factory     ] 194 symbols loaded
[[1;32mINFO[0m   ] [Image       ] Providers: img_tex, img_imageio, img_dds, img_sdl2, img_pil, img_gif (img_ffpyplayer ignored)
[[1;32mINFO[0m   ] [Text        ] Provider: sdl2
[[1;32mINFO[0m   ] [Window      ] Provider: sdl2
[[1;32mINFO[0m   ] [GL          ] Using the "OpenGL ES 2" graphics system
[[1;32mINFO[0m   ] [GL          ] Backend used <gl>
[[1;32mINFO[0m   ] [GL          ] OpenGL version <b'2.1 INTEL-12.9.22'>
[[1;32mINFO[0m   ] [GL          ] OpenGL vendor <b'Intel Inc.'>
[[1;32mINFO[0m   ] [GL          ] OpenGL renderer <b'Intel HD Graphics 5000 OpenGL Engine'>
[[1;32mINFO[0m   ] [GL          ] OpenGL parsed version: 2, 1
[[1;32mINFO[0m   ] [GL          ] Shading version <b'1.20'>
[[1;32mINFO[0m   ] [GL          ] Texture max size <16384>
[[1;32mINFO[0m   ] [GL          ] Texture max units <16>
[[1;32mINFO[0m   ] [Window      ] auto add sdl2 input provider
[[1;32mINFO[0m   ] [Window      ] virtual keyboard not allowed, single mode, not docked
[[1;32mINFO[0m   ] [Base        ] Start application main loop
[[1;32mINFO[0m   ] [GL          ] NPOT texture support is available
[[1;32mINFO[0m   ] [Base        ] Leaving application in progress...
[[1;32mINFO[0m   ] networkUDP succesfully closed
my name is :  mba.local
received list of remotes
dict_keys(['mba.local'])
received list of remotes
dict_keys(['mba.local', 'piMain'])
received list of remotes
dict_keys(['mba.local', 'piMain', 'piKitchen'])
received list of remotes
dict_keys(['mba.local', 'piKitchen'])
closing app
[[1;32mINFO[0m   ] [Logger      ] Record log in /Users/mbrebion/.kivy/logs/kivy_19-07-02_38.txt
[[1;32mINFO[0m   ] [Kivy        ] v1.10.1
[[1;32mINFO[0m   ] [Python      ] v3.7.3 (default, Mar 27 2019, 09:23:15) 
[Clang 10.0.1 (clang-1001.0.46.3)]
[[1;32mINFO[0m   ] [Factory     ] 194 symbols loaded
[[1;32mINFO[0m   ] [Image       ] Providers: img_tex, img_imageio, img_dds, img_sdl2, img_pil, img_gif (img_ffpyplayer ignored)
[[1;32mINFO[0m   ] [Text        ] Provider: sdl2
[[1;32mINFO[0m   ] [Window      ] Provider: sdl2
[[1;32mINFO[0m   ] [GL          ] Using the "OpenGL ES 2" graphics system
[[1;32mINFO[0m   ] [GL          ] Backend used <gl>
[[1;32mINFO[0m   ] [GL          ] OpenGL version <b'2.1 INTEL-12.9.22'>
[[1;32mINFO[0m   ] [GL          ] OpenGL vendor <b'Intel Inc.'>
[[1;32mINFO[0m   ] [GL          ] OpenGL renderer <b'Intel HD Graphics 5000 OpenGL Engine'>
[[1;32mINFO[0m   ] [GL          ] OpenGL parsed version: 2, 1
[[1;32mINFO[0m   ] [GL          ] Shading version <b'1.20'>
[[1;32mINFO[0m   ] [GL          ] Texture max size <16384>
[[1;32mINFO[0m   ] [GL          ] Texture max units <16>
[[1;32mINFO[0m   ] [Window      ] auto add sdl2 input provider
[[1;32mINFO[0m   ] [Window      ] virtual keyboard not allowed, single mode, not docked
[[1;32mINFO[0m   ] [Base        ] Start application main loop
[[1;32mINFO[0m   ] [GL          ] NPOT texture support is available
[[1;32mINFO[0m   ] [Base        ] Leaving application in progress...
[[1;32mINFO[0m   ] networkUDP succesfully closed
my name is :  mba.local
received list of remotes
dict_keys(['mba.local'])
received list of remotes
dict_keys(['mba.local', 'piMain'])
received list of remotes
dict_keys(['mba.local', 'piMain', 'piKitchen'])
received list of remotes
dict_keys(['mba.local', 'piKitchen'])
closing app
[[1;32mINFO[0m   ] [Logger      ] Record log in /Users/mbrebion/.kivy/logs/kivy_19-07-02_39.txt
[[1;32mINFO[0m   ] [Kivy        ] v1.10.1
[[1;32mINFO[0m   ] [Python      ] v3.7.3 (default, Mar 27 2019, 09:23:15) 
[Clang 10.0.1 (clang-1001.0.46.3)]
[[1;32mINFO[0m   ] [Factory     ] 194 symbols loaded
[[1;32mINFO[0m   ] [Image       ] Providers: img_tex, img_imageio, img_dds, img_sdl2, img_pil, img_gif (img_ffpyplayer ignored)
[[1;32mINFO[0m   ] [Text        ] Provider: sdl2
[[1;32mINFO[0m   ] [Window      ] Provider: sdl2
[[1;32mINFO[0m   ] [GL          ] Using the "OpenGL ES 2" graphics system
[[1;32mINFO[0m   ] [GL          ] Backend used <gl>
[[1;32mINFO[0m   ] [GL          ] OpenGL version <b'2.1 INTEL-12.9.22'>
[[1;32mINFO[0m   ] [GL          ] OpenGL vendor <b'Intel Inc.'>
[[1;32mINFO[0m   ] [GL          ] OpenGL renderer <b'Intel HD Graphics 5000 OpenGL Engine'>
[[1;32mINFO[0m   ] [GL          ] OpenGL parsed version: 2, 1
[[1;32mINFO[0m   ] [GL          ] Shading version <b'1.20'>
[[1;32mINFO[0m   ] [GL          ] Texture max size <16384>
[[1;32mINFO[0m   ] [GL          ] Texture max units <16>
[[1;32mINFO[0m   ] [Window      ] auto add sdl2 input provider
[[1;32mINFO[0m   ] [Window      ] virtual keyboard not allowed, single mode, not docked
[[1;32mINFO[0m   ] [Base        ] Start application main loop
[[1;32mINFO[0m   ] [GL          ] NPOT texture support is available
[[1;32mINFO[0m   ] [Base        ] Leaving application in progress...
[[1;32mINFO[0m   ] networkUDP succesfully closed
my name is :  mba.local
received list of remotes
dict_keys(['mba.local'])
received list of remotes
dict_keys(['mba.local', 'piMain'])
received list of remotes
dict_keys(['mba.local', 'piMain', 'piKitchen'])
received list of remotes
dict_keys(['mba.local', 'piKitchen'])
closing app
[[1;32mINFO[0m   ] [Logger      ] Record log in /Users/mbrebion/.kivy/logs/kivy_19-07-02_40.txt
[[1;32mINFO[0m   ] [Kivy        ] v1.10.1
[[1;32mINFO[0m   ] [Python      ] v3.7.3 (default, Mar 27 2019, 09:23:15) 
[Clang 10.0.1 (clang-1001.0.46.3)]
[[1;32mINFO[0m   ] [Factory     ] 194 symbols loaded
[[1;32mINFO[0m   ] [Image       ] Providers: img_tex, img_imageio, img_dds, img_sdl2, img_pil, img_gif (img_ffpyplayer ignored)
[[1;32mINFO[0m   ] [Text        ] Provider: sdl2
[[1;32mINFO[0m   ] [Window      ] Provider: sdl2
[[1;32mINFO[0m   ] [GL          ] Using the "OpenGL ES 2" graphics system
[[1;32mINFO[0m   ] [GL          ] Backend used <gl>
[[1;32mINFO[0m   ] [GL          ] OpenGL version <b'2.1 INTEL-12.9.22'>
[[1;32mINFO[0m   ] [GL          ] OpenGL vendor <b'Intel Inc.'>
[[1;32mINFO[0m   ] [GL          ] OpenGL renderer <b'Intel HD Graphics 5000 OpenGL Engine'>
[[1;32mINFO[0m   ] [GL          ] OpenGL parsed version: 2, 1
[[1;32mINFO[0m   ] [GL          ] Shading version <b'1.20'>
[[1;32mINFO[0m   ] [GL          ] Texture max size <16384>
[[1;32mINFO[0m   ] [GL          ] Texture max units <16>
[[1;32mINFO[0m   ] [Window      ] auto add sdl2 input provider
[[1;32mINFO[0m   ] [Window      ] virtual keyboard not allowed, single mode, not docked
[[1;32mINFO[0m   ] [Base        ] Start application main loop
[[1;32mINFO[0m   ] [GL          ] NPOT texture support is available
[[1;32mINFO[0m   ] [Logger      ] Record log in /Users/mbrebion/.kivy/logs/kivy_19-07-02_41.txt
[[1;32mINFO[0m   ] [Kivy        ] v1.10.1
[[1;32mINFO[0m   ] [Python      ] v3.7.3 (default, Mar 27 2019, 09:23:15) 
[Clang 10.0.1 (clang-1001.0.46.3)]
[[1;32mINFO[0m   ] [Factory     ] 194 symbols loaded
[[1;32mINFO[0m   ] [Image       ] Providers: img_tex, img_imageio, img_dds, img_sdl2, img_pil, img_gif (img_ffpyplayer ignored)
[[1;32mINFO[0m   ] [Text        ] Provider: sdl2
[[1;32mINFO[0m   ] [Window      ] Provider: sdl2
[[1;32mINFO[0m   ] [GL          ] Using the "OpenGL ES 2" graphics system
[[1;32mINFO[0m   ] [GL          ] Backend used <gl>
[[1;32mINFO[0m   ] [GL          ] OpenGL version <b'2.1 INTEL-12.9.22'>
[[1;32mINFO[0m   ] [GL          ] OpenGL vendor <b'Intel Inc.'>
[[1;32mINFO[0m   ] [GL          ] OpenGL renderer <b'Intel HD Graphics 5000 OpenGL Engine'>
[[1;32mINFO[0m   ] [GL          ] OpenGL parsed version: 2, 1
[[1;32mINFO[0m   ] [GL          ] Shading version <b'1.20'>
[[1;32mINFO[0m   ] [GL          ] Texture max size <16384>
[[1;32mINFO[0m   ] [GL          ] Texture max units <16>
[[1;32mINFO[0m   ] [Window      ] auto add sdl2 input provider
[[1;32mINFO[0m   ] [Window      ] virtual keyboard not allowed, single mode, not docked
my name is :  mba.local
 Traceback (most recent call last):
   File "/Users/mbrebion/PycharmProjects/hifiView/main.py", line 157, in <module>
     Main().run()
   File "/usr/local/lib/python3.7/site-packages/kivy/app.py", line 800, in run
     root = self.build()
   File "/Users/mbrebion/PycharmProjects/hifiView/main.py", line 145, in build
     self.myGrid.myInit(self.myName)
   File "/Users/mbrebion/PycharmProjects/hifiView/main.py", line 26, in myInit
     self.nUDP = NetworkUDP(name=self.myName, fhu=self.recepListOfRemotes, fr=self.recepMSG)
   File "/Users/mbrebion/PycharmProjects/hifiView/libraries/networkUDP.py", line 218, in __call__
     Singleton._memo[cls] = super(Singleton, cls).__call__(*args, **kwargs)
   File "/Users/mbrebion/PycharmProjects/hifiView/libraries/networkUDP.py", line 442, in __init__
     self.my_sendSocket = self._create_socket(multicast_ip, port + 1)
   File "/Users/mbrebion/PycharmProjects/hifiView/libraries/networkUDP.py", line 502, in _create_socket
     my_socket.bind(('0.0.0.0', port))
 OSError: [Errno 48] Address already in use
[[1;32mINFO[0m   ] [Base        ] Leaving application in progress...
[[1;32mINFO[0m   ] networkUDP succesfully closed
my name is :  mba.local
received list of remotes
dict_keys(['mba.local'])
received list of remotes
dict_keys(['mba.local', 'piMain'])
received list of remotes
dict_keys(['mba.local', 'piMain', 'piKitchen'])
closing app
[[1;32mINFO[0m   ] [Logger      ] Record log in /Users/mbrebion/.kivy/logs/kivy_19-07-02_42.txt
[[1;32mINFO[0m   ] [Kivy        ] v1.10.1
[[1;32mINFO[0m   ] [Python      ] v3.7.3 (default, Mar 27 2019, 09:23:15) 
[Clang 10.0.1 (clang-1001.0.46.3)]
[[1;32mINFO[0m   ] [Factory     ] 194 symbols loaded
[[1;32mINFO[0m   ] [Image       ] Providers: img_tex, img_imageio, img_dds, img_sdl2, img_pil, img_gif (img_ffpyplayer ignored)
[[1;32mINFO[0m   ] [Text        ] Provider: sdl2
[[1;32mINFO[0m   ] [Window      ] Provider: sdl2
[[1;32mINFO[0m   ] [GL          ] Using the "OpenGL ES 2" graphics system
[[1;32mINFO[0m   ] [GL          ] Backend used <gl>
[[1;32mINFO[0m   ] [GL          ] OpenGL version <b'2.1 INTEL-12.9.22'>
[[1;32mINFO[0m   ] [GL          ] OpenGL vendor <b'Intel Inc.'>
[[1;32mINFO[0m   ] [GL          ] OpenGL renderer <b'Intel HD Graphics 5000 OpenGL Engine'>
[[1;32mINFO[0m   ] [GL          ] OpenGL parsed version: 2, 1
[[1;32mINFO[0m   ] [GL          ] Shading version <b'1.20'>
[[1;32mINFO[0m   ] [GL          ] Texture max size <16384>
[[1;32mINFO[0m   ] [GL          ] Texture max units <16>
[[1;32mINFO[0m   ] [Window      ] auto add sdl2 input provider
[[1;32mINFO[0m   ] [Window      ] virtual keyboard not allowed, single mode, not docked
[[1;32mINFO[0m   ] [Base        ] Start application main loop
[[1;32mINFO[0m   ] [GL          ] NPOT texture support is available
 socket.send() raised exception.
[[1;32mINFO[0m   ] piMain has been removed from known devices
[[1;32mINFO[0m   ] [Base        ] Leaving application in progress...
[[1;32mINFO[0m   ] networkUDP succesfully closed
my name is :  mba.local
received list of remotes
dict_keys(['mba.local'])
received list of remotes
dict_keys(['mba.local', 'piMain'])
received list of remotes
dict_keys(['mba.local', 'piMain', 'piKitchen'])
received list of remotes
dict_keys(['mba.local', 'piKitchen'])
received list of remotes
dict_keys(['mba.local', 'piKitchen', 'piMain'])
received list of remotes
dict_keys(['mba.local', 'piKitchen'])
closing app
 socket.send() raised exception.
[[1;32mINFO[0m   ] [Logger      ] Record log in /Users/mbrebion/.kivy/logs/kivy_19-07-02_43.txt
[[1;32mINFO[0m   ] [Kivy        ] v1.10.1
[[1;32mINFO[0m   ] [Python      ] v3.7.3 (default, Mar 27 2019, 09:23:15) 
[Clang 10.0.1 (clang-1001.0.46.3)]
[[1;32mINFO[0m   ] [Factory     ] 194 symbols loaded
[[1;32mINFO[0m   ] [Image       ] Providers: img_tex, img_imageio, img_dds, img_sdl2, img_pil, img_gif (img_ffpyplayer ignored)
[[1;32mINFO[0m   ] [Text        ] Provider: sdl2
[[1;32mINFO[0m   ] [Window      ] Provider: sdl2
[[1;32mINFO[0m   ] [GL          ] Using the "OpenGL ES 2" graphics system
[[1;32mINFO[0m   ] [GL          ] Backend used <gl>
[[1;32mINFO[0m   ] [GL          ] OpenGL version <b'2.1 INTEL-12.9.22'>
[[1;32mINFO[0m   ] [GL          ] OpenGL vendor <b'Intel Inc.'>
[[1;32mINFO[0m   ] [GL          ] OpenGL renderer <b'Intel HD Graphics 5000 OpenGL Engine'>
[[1;32mINFO[0m   ] [GL          ] OpenGL parsed version: 2, 1
[[1;32mINFO[0m   ] [GL          ] Shading version <b'1.20'>
[[1;32mINFO[0m   ] [GL          ] Texture max size <16384>
[[1;32mINFO[0m   ] [GL          ] Texture max units <16>
[[1;32mINFO[0m   ] [Window      ] auto add sdl2 input provider
[[1;32mINFO[0m   ] [Window      ] virtual keyboard not allowed, single mode, not docked
[[1;32mINFO[0m   ] [Base        ] Start application main loop
[[1;32mINFO[0m   ] [GL          ] NPOT texture support is available
[[1;32mINFO[0m   ] [Base        ] Leaving application in progress...
[[1;32mINFO[0m   ] networkUDP succesfully closed
my name is :  mba.local
received list of remotes
dict_keys(['mba.local'])
received list of remotes
dict_keys(['mba.local', 'piMain'])
received list of remotes
dict_keys(['mba.local', 'piMain', 'piKitchen'])
received list of remotes
dict_keys(['mba.local', 'piKitchen'])
closing app
[[1;32mINFO[0m   ] [Logger      ] Record log in /Users/mbrebion/.kivy/logs/kivy_19-07-02_44.txt
[[1;32mINFO[0m   ] [Kivy        ] v1.10.1
[[1;32mINFO[0m   ] [Python      ] v3.7.3 (default, Mar 27 2019, 09:23:15) 
[Clang 10.0.1 (clang-1001.0.46.3)]
[[1;32mINFO[0m   ] [Factory     ] 194 symbols loaded
[[1;32mINFO[0m   ] [Image       ] Providers: img_tex, img_imageio, img_dds, img_sdl2, img_pil, img_gif (img_ffpyplayer ignored)
[[1;32mINFO[0m   ] [Text        ] Provider: sdl2
[[1;32mINFO[0m   ] [Window      ] Provider: sdl2
[[1;32mINFO[0m   ] [GL          ] Using the "OpenGL ES 2" graphics system
[[1;32mINFO[0m   ] [GL          ] Backend used <gl>
[[1;32mINFO[0m   ] [GL          ] OpenGL version <b'2.1 INTEL-12.9.22'>
[[1;32mINFO[0m   ] [GL          ] OpenGL vendor <b'Intel Inc.'>
[[1;32mINFO[0m   ] [GL          ] OpenGL renderer <b'Intel HD Graphics 5000 OpenGL Engine'>
[[1;32mINFO[0m   ] [GL          ] OpenGL parsed version: 2, 1
[[1;32mINFO[0m   ] [GL          ] Shading version <b'1.20'>
[[1;32mINFO[0m   ] [GL          ] Texture max size <16384>
[[1;32mINFO[0m   ] [GL          ] Texture max units <16>
[[1;32mINFO[0m   ] [Window      ] auto add sdl2 input provider
[[1;32mINFO[0m   ] [Window      ] virtual keyboard not allowed, single mode, not docked
[[1;32mINFO[0m   ] [Base        ] Start application main loop
[[1;32mINFO[0m   ] [GL          ] NPOT texture support is available
[[1;32mINFO[0m   ] [Base        ] Leaving application in progress...
[[1;32mINFO[0m   ] networkUDP succesfully closed
my name is :  mba.local
received list of remotes
dict_keys(['mba.local'])
received list of remotes
dict_keys(['mba.local', 'piMain'])
received list of remotes
dict_keys(['mba.local', 'piMain', 'piKitchen'])
received list of remotes
dict_keys(['mba.local', 'piKitchen'])
closing app
[[1;32mINFO[0m   ] [Logger      ] Record log in /Users/mbrebion/.kivy/logs/kivy_19-07-02_45.txt
[[1;32mINFO[0m   ] [Kivy        ] v1.10.1
[[1;32mINFO[0m   ] [Python      ] v3.7.3 (default, Mar 27 2019, 09:23:15) 
[Clang 10.0.1 (clang-1001.0.46.3)]
[[1;32mINFO[0m   ] [Factory     ] 194 symbols loaded
[[1;32mINFO[0m   ] [Image       ] Providers: img_tex, img_imageio, img_dds, img_sdl2, img_pil, img_gif (img_ffpyplayer ignored)
[[1;32mINFO[0m   ] [Text        ] Provider: sdl2
[[1;32mINFO[0m   ] [Window      ] Provider: sdl2
[[1;32mINFO[0m   ] [GL          ] Using the "OpenGL ES 2" graphics system
[[1;32mINFO[0m   ] [GL          ] Backend used <gl>
[[1;32mINFO[0m   ] [GL          ] OpenGL version <b'2.1 INTEL-12.9.22'>
[[1;32mINFO[0m   ] [GL          ] OpenGL vendor <b'Intel Inc.'>
[[1;32mINFO[0m   ] [GL          ] OpenGL renderer <b'Intel HD Graphics 5000 OpenGL Engine'>
[[1;32mINFO[0m   ] [GL          ] OpenGL parsed version: 2, 1
[[1;32mINFO[0m   ] [GL          ] Shading version <b'1.20'>
[[1;32mINFO[0m   ] [GL          ] Texture max size <16384>
[[1;32mINFO[0m   ] [GL          ] Texture max units <16>
[[1;32mINFO[0m   ] [Window      ] auto add sdl2 input provider
[[1;32mINFO[0m   ] [Window      ] virtual keyboard not allowed, single mode, not docked
[[1;32mINFO[0m   ] [Base        ] Start application main loop
[[1;32mINFO[0m   ] [GL          ] NPOT texture support is available
[[1;32mINFO[0m   ] [Base        ] Leaving application in progress...
[[1;32mINFO[0m   ] networkUDP succesfully closed
my name is :  mba.local
received list of remotes
dict_keys(['mba.local'])
received list of remotes
dict_keys(['mba.local', 'piMain'])
received list of remotes
dict_keys(['mba.local', 'piMain', 'piKitchen'])
closing app
[[1;32mINFO[0m   ] [Logger      ] Record log in /Users/mbrebion/.kivy/logs/kivy_19-07-03_0.txt
[[1;32mINFO[0m   ] [Kivy        ] v1.10.1
[[1;32mINFO[0m   ] [Python      ] v3.7.3 (default, Mar 27 2019, 09:23:15) 
[Clang 10.0.1 (clang-1001.0.46.3)]
[[1;32mINFO[0m   ] [Factory     ] 194 symbols loaded
[[1;32mINFO[0m   ] [Image       ] Providers: img_tex, img_imageio, img_dds, img_sdl2, img_pil, img_gif (img_ffpyplayer ignored)
[[1;32mINFO[0m   ] [Text        ] Provider: sdl2
[[1;32mINFO[0m   ] [Window      ] Provider: sdl2
[[1;32mINFO[0m   ] [GL          ] Using the "OpenGL ES 2" graphics system
[[1;32mINFO[0m   ] [GL          ] Backend used <gl>
[[1;32mINFO[0m   ] [GL          ] OpenGL version <b'2.1 INTEL-12.9.22'>
[[1;32mINFO[0m   ] [GL          ] OpenGL vendor <b'Intel Inc.'>
[[1;32mINFO[0m   ] [GL          ] OpenGL renderer <b'Intel HD Graphics 5000 OpenGL Engine'>
[[1;32mINFO[0m   ] [GL          ] OpenGL parsed version: 2, 1
[[1;32mINFO[0m   ] [GL          ] Shading version <b'1.20'>
[[1;32mINFO[0m   ] [GL          ] Texture max size <16384>
[[1;32mINFO[0m   ] [GL          ] Texture max units <16>
[[1;32mINFO[0m   ] [Window      ] auto add sdl2 input provider
[[1;32mINFO[0m   ] [Window      ] virtual keyboard not allowed, single mode, not docked
[[1;32mINFO[0m   ] [Base        ] Start application main loop
[[1;32mINFO[0m   ] [GL          ] NPOT texture support is available
[[1;32mINFO[0m   ] [Base        ] Leaving application in progress...
[[1;32mINFO[0m   ] networkUDP succesfully closed
Purge log fired. Analysing...
Purge 47 log files
Purge finished!
my name is :  mba.local
received list of remotes
dict_keys(['mba.local'])
received list of remotes
dict_keys(['mba.local', 'piMain'])
received list of remotes
dict_keys(['mba.local', 'piMain', 'piKitchen'])
closing app
[[1;32mINFO[0m   ] [Logger      ] Record log in /Users/mbrebion/.kivy/logs/kivy_19-07-03_1.txt
[[1;32mINFO[0m   ] [Kivy        ] v1.10.1
[[1;32mINFO[0m   ] [Python      ] v3.7.3 (default, Mar 27 2019, 09:23:15) 
[Clang 10.0.1 (clang-1001.0.46.3)]
[[1;32mINFO[0m   ] [Factory     ] 194 symbols loaded
[[1;32mINFO[0m   ] [Image       ] Providers: img_tex, img_imageio, img_dds, img_sdl2, img_pil, img_gif (img_ffpyplayer ignored)
[[1;32mINFO[0m   ] [Text        ] Provider: sdl2
[[1;32mINFO[0m   ] [Window      ] Provider: sdl2
[[1;32mINFO[0m   ] [GL          ] Using the "OpenGL ES 2" graphics system
[[1;32mINFO[0m   ] [GL          ] Backend used <gl>
[[1;32mINFO[0m   ] [GL          ] OpenGL version <b'2.1 INTEL-12.9.22'>
[[1;32mINFO[0m   ] [GL          ] OpenGL vendor <b'Intel Inc.'>
[[1;32mINFO[0m   ] [GL          ] OpenGL renderer <b'Intel HD Graphics 5000 OpenGL Engine'>
[[1;32mINFO[0m   ] [GL          ] OpenGL parsed version: 2, 1
[[1;32mINFO[0m   ] [GL          ] Shading version <b'1.20'>
[[1;32mINFO[0m   ] [GL          ] Texture max size <16384>
[[1;32mINFO[0m   ] [GL          ] Texture max units <16>
[[1;32mINFO[0m   ] [Window      ] auto add sdl2 input provider
[[1;32mINFO[0m   ] [Window      ] virtual keyboard not allowed, single mode, not docked
[[1;32mINFO[0m   ] [Base        ] Start application main loop
[[1;32mINFO[0m   ] [GL          ] NPOT texture support is available
[[1;32mINFO[0m   ] [Base        ] Leaving application in progress...
[[1;32mINFO[0m   ] networkUDP succesfully closed
my name is :  mba.local
received list of remotes
dict_keys(['mba.local'])
received list of remotes
dict_keys(['mba.local', 'piMain'])
received list of remotes
dict_keys(['mba.local', 'piMain', 'piKitchen'])
closing app
[[1;32mINFO[0m   ] [Logger      ] Record log in /Users/mbrebion/.kivy/logs/kivy_19-07-03_2.txt
[[1;32mINFO[0m   ] [Kivy        ] v1.10.1
[[1;32mINFO[0m   ] [Python      ] v3.7.3 (default, Mar 27 2019, 09:23:15) 
[Clang 10.0.1 (clang-1001.0.46.3)]
[[1;32mINFO[0m   ] [Factory     ] 194 symbols loaded
[[1;32mINFO[0m   ] [Image       ] Providers: img_tex, img_imageio, img_dds, img_sdl2, img_pil, img_gif (img_ffpyplayer ignored)
[[1;32mINFO[0m   ] [Text        ] Provider: sdl2
[[1;32mINFO[0m   ] [Window      ] Provider: sdl2
[[1;32mINFO[0m   ] [GL          ] Using the "OpenGL ES 2" graphics system
[[1;32mINFO[0m   ] [GL          ] Backend used <gl>
[[1;32mINFO[0m   ] [GL          ] OpenGL version <b'2.1 INTEL-12.9.22'>
[[1;32mINFO[0m   ] [GL          ] OpenGL vendor <b'Intel Inc.'>
[[1;32mINFO[0m   ] [GL          ] OpenGL renderer <b'Intel HD Graphics 5000 OpenGL Engine'>
[[1;32mINFO[0m   ] [GL          ] OpenGL parsed version: 2, 1
[[1;32mINFO[0m   ] [GL          ] Shading version <b'1.20'>
[[1;32mINFO[0m   ] [GL          ] Texture max size <16384>
[[1;32mINFO[0m   ] [GL          ] Texture max units <16>
[[1;32mINFO[0m   ] [Window      ] auto add sdl2 input provider
[[1;32mINFO[0m   ] [Window      ] virtual keyboard not allowed, single mode, not docked
[[1;32mINFO[0m   ] [Base        ] Start application main loop
[[1;32mINFO[0m   ] [GL          ] NPOT texture support is available
[[1;32mINFO[0m   ] [Base        ] Leaving application in progress...
[[1;32mINFO[0m   ] networkUDP succesfully closed
my name is :  mba.local
received list of remotes
dict_keys(['mba.local'])
received list of remotes
dict_keys(['mba.local', 'piMain'])
received list of remotes
dict_keys(['mba.local', 'piMain', 'piKitchen'])
closing app
[[1;32mINFO[0m   ] [Logger      ] Record log in /Users/mbrebion/.kivy/logs/kivy_19-07-03_3.txt
[[1;32mINFO[0m   ] [Kivy        ] v1.10.1
[[1;32mINFO[0m   ] [Python      ] v3.7.3 (default, Mar 27 2019, 09:23:15) 
[Clang 10.0.1 (clang-1001.0.46.3)]
[[1;32mINFO[0m   ] [Factory     ] 194 symbols loaded
[[1;32mINFO[0m   ] [Image       ] Providers: img_tex, img_imageio, img_dds, img_sdl2, img_pil, img_gif (img_ffpyplayer ignored)
[[1;32mINFO[0m   ] [Text        ] Provider: sdl2
[[1;32mINFO[0m   ] [Window      ] Provider: sdl2
[[1;32mINFO[0m   ] [GL          ] Using the "OpenGL ES 2" graphics system
[[1;32mINFO[0m   ] [GL          ] Backend used <gl>
[[1;32mINFO[0m   ] [GL          ] OpenGL version <b'2.1 INTEL-12.9.22'>
[[1;32mINFO[0m   ] [GL          ] OpenGL vendor <b'Intel Inc.'>
[[1;32mINFO[0m   ] [GL          ] OpenGL renderer <b'Intel HD Graphics 5000 OpenGL Engine'>
[[1;32mINFO[0m   ] [GL          ] OpenGL parsed version: 2, 1
[[1;32mINFO[0m   ] [GL          ] Shading version <b'1.20'>
[[1;32mINFO[0m   ] [GL          ] Texture max size <16384>
[[1;32mINFO[0m   ] [GL          ] Texture max units <16>
[[1;32mINFO[0m   ] [Window      ] auto add sdl2 input provider
[[1;32mINFO[0m   ] [Window      ] virtual keyboard not allowed, single mode, not docked
[[1;32mINFO[0m   ] [Base        ] Start application main loop
[[1;32mINFO[0m   ] [GL          ] NPOT texture support is available
[[1;32mINFO[0m   ] [Base        ] Leaving application in progress...
[[1;32mINFO[0m   ] networkUDP succesfully closed
my name is :  mba.local
received list of remotes
dict_keys(['mba.local'])
received list of remotes
dict_keys(['mba.local', 'piMain'])
received list of remotes
dict_keys(['mba.local', 'piMain', 'piKitchen'])
closing app
[[1;32mINFO[0m   ] [Logger      ] Record log in /Users/mbrebion/.kivy/logs/kivy_19-07-03_4.txt
[[1;32mINFO[0m   ] [Kivy        ] v1.10.1
[[1;32mINFO[0m   ] [Python      ] v3.7.3 (default, Mar 27 2019, 09:23:15) 
[Clang 10.0.1 (clang-1001.0.46.3)]
[[1;32mINFO[0m   ] [Factory     ] 194 symbols loaded
[[1;32mINFO[0m   ] [Image       ] Providers: img_tex, img_imageio, img_dds, img_sdl2, img_pil, img_gif (img_ffpyplayer ignored)
[[1;32mINFO[0m   ] [Text        ] Provider: sdl2
[[1;32mINFO[0m   ] [Window      ] Provider: sdl2
[[1;32mINFO[0m   ] [GL          ] Using the "OpenGL ES 2" graphics system
[[1;32mINFO[0m   ] [GL          ] Backend used <gl>
[[1;32mINFO[0m   ] [GL          ] OpenGL version <b'2.1 INTEL-12.9.22'>
[[1;32mINFO[0m   ] [GL          ] OpenGL vendor <b'Intel Inc.'>
[[1;32mINFO[0m   ] [GL          ] OpenGL renderer <b'Intel HD Graphics 5000 OpenGL Engine'>
[[1;32mINFO[0m   ] [GL          ] OpenGL parsed version: 2, 1
[[1;32mINFO[0m   ] [GL          ] Shading version <b'1.20'>
[[1;32mINFO[0m   ] [GL          ] Texture max size <16384>
[[1;32mINFO[0m   ] [GL          ] Texture max units <16>
[[1;32mINFO[0m   ] [Window      ] auto add sdl2 input provider
[[1;32mINFO[0m   ] [Window      ] virtual keyboard not allowed, single mode, not docked
[[1;32mINFO[0m   ] [Base        ] Start application main loop
[[1;32mINFO[0m   ] [GL          ] NPOT texture support is available
[[1;32mINFO[0m   ] [Base        ] Leaving application in progress...
[[1;32mINFO[0m   ] networkUDP succesfully closed
my name is :  mba.local
thread tcp started
asyncio server started
thread udp started
received list of remotes
dict_keys(['mba.local'])
received list of remotes
dict_keys(['mba.local', 'piMain'])
received list of remotes
dict_keys(['mba.local', 'piMain', 'piKitchen'])
calling run_in_executor
calling run_in_executor
closing app
[[1;32mINFO[0m   ] connection stopped with piMain
[[1;32mINFO[0m   ] connection stopped with piKitchen
received list of remotes
dict_keys(['mba.local', 'piKitchen'])
received list of remotes
dict_keys(['mba.local'])
[[1;32mINFO[0m   ] [Logger      ] Record log in /Users/mbrebion/.kivy/logs/kivy_19-07-03_5.txt
[[1;32mINFO[0m   ] [Kivy        ] v1.10.1
[[1;32mINFO[0m   ] [Python      ] v3.7.3 (default, Mar 27 2019, 09:23:15) 
[Clang 10.0.1 (clang-1001.0.46.3)]
[[1;32mINFO[0m   ] [Factory     ] 194 symbols loaded
[[1;32mINFO[0m   ] [Image       ] Providers: img_tex, img_imageio, img_dds, img_sdl2, img_pil, img_gif (img_ffpyplayer ignored)
[[1;32mINFO[0m   ] [Text        ] Provider: sdl2
[[1;32mINFO[0m   ] [Window      ] Provider: sdl2
[[1;32mINFO[0m   ] [GL          ] Using the "OpenGL ES 2" graphics system
[[1;32mINFO[0m   ] [GL          ] Backend used <gl>
[[1;32mINFO[0m   ] [GL          ] OpenGL version <b'2.1 INTEL-12.9.22'>
[[1;32mINFO[0m   ] [GL          ] OpenGL vendor <b'Intel Inc.'>
[[1;32mINFO[0m   ] [GL          ] OpenGL renderer <b'Intel HD Graphics 5000 OpenGL Engine'>
[[1;32mINFO[0m   ] [GL          ] OpenGL parsed version: 2, 1
[[1;32mINFO[0m   ] [GL          ] Shading version <b'1.20'>
[[1;32mINFO[0m   ] [GL          ] Texture max size <16384>
[[1;32mINFO[0m   ] [GL          ] Texture max units <16>
[[1;32mINFO[0m   ] [Window      ] auto add sdl2 input provider
[[1;32mINFO[0m   ] [Window      ] virtual keyboard not allowed, single mode, not docked
[[1;32mINFO[0m   ] [Base        ] Start application main loop
[[1;32mINFO[0m   ] [GL          ] NPOT texture support is available
[[1;32mINFO[0m   ] [Base        ] Leaving application in progress...
[[1;32mINFO[0m   ] connection stopped with piKitchen
[[1;32mINFO[0m   ] networkUDP succesfully closed
my name is :  mba.local
thread tcp started
asyncio server started
thread udp started
received list of remotes
dict_keys(['mba.local'])
received list of remotes
dict_keys(['mba.local', 'piKitchen'])
closing app
received list of remotes
dict_keys(['mba.local'])
[[1;32mINFO[0m   ] [Logger      ] Record log in /Users/mbrebion/.kivy/logs/kivy_19-07-03_6.txt
[[1;32mINFO[0m   ] [Kivy        ] v1.10.1
[[1;32mINFO[0m   ] [Python      ] v3.7.3 (default, Mar 27 2019, 09:23:15) 
[Clang 10.0.1 (clang-1001.0.46.3)]
[[1;32mINFO[0m   ] [Factory     ] 194 symbols loaded
[[1;32mINFO[0m   ] [Image       ] Providers: img_tex, img_imageio, img_dds, img_sdl2, img_pil, img_gif (img_ffpyplayer ignored)
[[1;32mINFO[0m   ] [Text        ] Provider: sdl2
[[1;32mINFO[0m   ] [Window      ] Provider: sdl2
[[1;32mINFO[0m   ] [GL          ] Using the "OpenGL ES 2" graphics system
[[1;32mINFO[0m   ] [GL          ] Backend used <gl>
[[1;32mINFO[0m   ] [GL          ] OpenGL version <b'2.1 INTEL-12.9.22'>
[[1;32mINFO[0m   ] [GL          ] OpenGL vendor <b'Intel Inc.'>
[[1;32mINFO[0m   ] [GL          ] OpenGL renderer <b'Intel HD Graphics 5000 OpenGL Engine'>
[[1;32mINFO[0m   ] [GL          ] OpenGL parsed version: 2, 1
[[1;32mINFO[0m   ] [GL          ] Shading version <b'1.20'>
[[1;32mINFO[0m   ] [GL          ] Texture max size <16384>
[[1;32mINFO[0m   ] [GL          ] Texture max units <16>
[[1;32mINFO[0m   ] [Window      ] auto add sdl2 input provider
[[1;32mINFO[0m   ] [Window      ] virtual keyboard not allowed, single mode, not docked
[[1;32mINFO[0m   ] [Base        ] Start application main loop
[[1;32mINFO[0m   ] [GL          ] NPOT texture support is available
[[1;32mINFO[0m   ] [Base        ] Leaving application in progress...
[[1;32mINFO[0m   ] connection stopped with piMain
[[1;32mINFO[0m   ] networkUDP succesfully closed
my name is :  mba.local
thread tcp started
asyncio server started
thread udp started
received list of remotes
dict_keys(['mba.local'])
received list of remotes
dict_keys(['mba.local', 'piMain'])
received list of remotes
dict_keys(['mba.local', 'piMain', 'piKitchen'])
calling run_in_executor
calling run_in_executor
calling run_in_executor
calling run_in_executor
closing app
closing  piMain <StreamWriter transport=<_SelectorSocketTransport closing fd=24 read=idle write=<idle, bufsize=0>> reader=<StreamReader waiter=<Future pending cb=[<TaskWakeupMethWrapper object at 0x112c82948>()]> transport=<_SelectorSocketTransport closing fd=24 read=idle write=<idle, bufsize=0>>>>
closing  piKitchen <StreamWriter transport=<_SelectorSocketTransport closing fd=25 read=idle write=<idle, bufsize=0>> reader=<StreamReader waiter=<Future pending cb=[<TaskWakeupMethWrapper object at 0x112c829a8>()]> transport=<_SelectorSocketTransport closing fd=25 read=idle write=<idle, bufsize=0>>>>
server closed
loop closed
received list of remotes
dict_keys(['mba.local', 'piKitchen'])
[[1;32mINFO[0m   ] connection stopped with piKitchen
received list of remotes
dict_keys(['mba.local'])
[[1;32mINFO[0m   ] [Logger      ] Record log in /Users/mbrebion/.kivy/logs/kivy_19-07-04_8.txt
[[1;32mINFO[0m   ] [Kivy        ] v1.10.1
[[1;32mINFO[0m   ] [Python      ] v3.7.3 (default, Mar 27 2019, 09:23:15) 
[Clang 10.0.1 (clang-1001.0.46.3)]
[[1;32mINFO[0m   ] [Factory     ] 194 symbols loaded
[[1;32mINFO[0m   ] [Image       ] Providers: img_tex, img_imageio, img_dds, img_sdl2, img_pil, img_gif (img_ffpyplayer ignored)
[[1;32mINFO[0m   ] [Text        ] Provider: sdl2
[[1;32mINFO[0m   ] [Window      ] Provider: sdl2
[[1;32mINFO[0m   ] [GL          ] Using the "OpenGL ES 2" graphics system
[[1;32mINFO[0m   ] [GL          ] Backend used <gl>
[[1;32mINFO[0m   ] [GL          ] OpenGL version <b'2.1 INTEL-12.9.22'>
[[1;32mINFO[0m   ] [GL          ] OpenGL vendor <b'Intel Inc.'>
[[1;32mINFO[0m   ] [GL          ] OpenGL renderer <b'Intel HD Graphics 5000 OpenGL Engine'>
[[1;32mINFO[0m   ] [GL          ] OpenGL parsed version: 2, 1
[[1;32mINFO[0m   ] [GL          ] Shading version <b'1.20'>
[[1;32mINFO[0m   ] [GL          ] Texture max size <16384>
[[1;32mINFO[0m   ] [GL          ] Texture max units <16>
[[1;32mINFO[0m   ] [Window      ] auto add sdl2 input provider
[[1;32mINFO[0m   ] [Window      ] virtual keyboard not allowed, single mode, not docked
[[1;32mINFO[0m   ] [Base        ] Start application main loop
[[1;32mINFO[0m   ] [GL          ] NPOT texture support is available
[[1;32mINFO[0m   ] connection stopped with piMain
[[1;32mINFO[0m   ] connection stopped with piMain
[[1;32mINFO[0m   ] connection stopped with piMain
[[1;32mINFO[0m   ] connection stopped with piMain
[[1;32mINFO[0m   ] connection stopped with piKitchen
[[1;32mINFO[0m   ] connection stopped with piMain
[[1;32mINFO[0m   ] connection stopped with piMain
[[1;32mINFO[0m   ] connection stopped with piMain
[[1;32mINFO[0m   ] connection stopped with piMain
[[1;32mINFO[0m   ] connection stopped with piMain
[[1;32mINFO[0m   ] connection stopped with piMain
[[1;32mINFO[0m   ] connection stopped with piMain
[[1;32mINFO[0m   ] connection stopped with piMain
[[1;32mINFO[0m   ] connection stopped with piMain
[[1;32mINFO[0m   ] connection stopped with piMain
[[1;32mINFO[0m   ] connection stopped with piMain
[[1;32mINFO[0m   ] connection stopped with piMain
[[1;32mINFO[0m   ] connection stopped with piMain
[[1;32mINFO[0m   ] connection stopped with piKitchen
[[1;32mINFO[0m   ] connection stopped with piKitchen
[[1;32mINFO[0m   ] connection stopped with piMain
[[1;32mINFO[0m   ] connection stopped with piKitchen
[[1;32mINFO[0m   ] connection stopped with piKitchen
[[1;32mINFO[0m   ] connection stopped with piKitchen
[[1;32mINFO[0m   ] connection stopped with piMain
[[1;32mINFO[0m   ] connection stopped with piMain
[[1;32mINFO[0m   ] connection stopped with piKitchen
[[1;32mINFO[0m   ] connection stopped with piMain
[[1;32mINFO[0m   ] connection stopped with piKitchen
[[1;32mINFO[0m   ] connection stopped with piMain
[[1;32mINFO[0m   ] connection stopped with piKitchen
[[1;32mINFO[0m   ] connection stopped with piMain
[[1;32mINFO[0m   ] connection stopped with piKitchen
[[1;32mINFO[0m   ] connection stopped with piMain
[[1;32mINFO[0m   ] connection stopped with piMain
[[1;32mINFO[0m   ] connection stopped with piMain
[[1;32mINFO[0m   ] connection stopped with piMain
[[1;32mINFO[0m   ] connection stopped with piMain
[[1;32mINFO[0m   ] connection stopped with piMain
[[1;32mINFO[0m   ] connection stopped with piMain
[[1;32mINFO[0m   ] [Base        ] Leaving application in progress...
my name is :  mba.local
received list of remotes
dict_keys(['piMain'])
received list of remotes
dict_keys(['piMain', 'piKitchen'])
received list of remotes
dict_keys(['piKitchen'])
received list of remotes
dict_keys(['piKitchen', 'piMain'])
received list of remotes
dict_keys(['piKitchen'])
received list of remotes
dict_keys(['piKitchen', 'piMain'])
received list of remotes
dict_keys(['piKitchen'])
received list of remotes
dict_keys(['piKitchen', 'piMain'])
received list of remotes
dict_keys(['piKitchen'])
received list of remotes
dict_keys(['piKitchen', 'piMain'])
received list of remotes
dict_keys(['piMain'])
received list of remotes
dict_keys(['piMain', 'piKitchen'])
received list of remotes
dict_keys(['piKitchen'])
received list of remotes
dict_keys(['piKitchen', 'piMain'])
received list of remotes
dict_keys(['piKitchen'])
received list of remotes
dict_keys(['piKitchen', 'piMain'])
received list of remotes
dict_keys(['piKitchen'])
received list of remotes
dict_keys(['piKitchen', 'piMain'])
received list of remotes
dict_keys(['piKitchen'])
received list of remotes
dict_keys(['piKitchen', 'piMain'])
received list of remotes
dict_keys(['piKitchen'])
received list of remotes
dict_keys(['piKitchen', 'piMain'])
received list of remotes
dict_keys(['piKitchen'])
received list of remotes
dict_keys(['piKitchen', 'piMain'])
received list of remotes
dict_keys(['piKitchen'])
received list of remotes
dict_keys(['piKitchen', 'piMain'])
received list of remotes
dict_keys(['piKitchen'])
received list of remotes
dict_keys(['piKitchen', 'piMain'])
received list of remotes
dict_keys(['piKitchen'])
received list of remotes
dict_keys(['piKitchen', 'piMain'])
received list of remotes
dict_keys(['piKitchen'])
received list of remotes
dict_keys(['piKitchen', 'piMain'])
received list of remotes
dict_keys(['piKitchen'])
received list of remotes
dict_keys(['piKitchen', 'piMain'])
received list of remotes
dict_keys(['piKitchen'])
received list of remotes
dict_keys(['piKitchen', 'piMain'])
received list of remotes
dict_keys(['piKitchen'])
received list of remotes
dict_keys(['piKitchen', 'piMain'])
received list of remotes
dict_keys(['piMain'])
received list of remotes
dict_keys(['piMain', 'piKitchen'])
received list of remotes
dict_keys(['piMain'])
received list of remotes
dict_keys(['piMain', 'piKitchen'])
received list of remotes
dict_keys(['piKitchen'])
received list of remotes
dict_keys(['piKitchen', 'piMain'])
received list of remotes
dict_keys(['piMain'])
received list of remotes
dict_keys(['piMain', 'piKitchen'])
received list of remotes
dict_keys(['piMain'])
received list of remotes
dict_keys(['piMain', 'piKitchen'])
received list of remotes
dict_keys(['piMain', 'piKitchen', 'piBedroom'])
received list of remotes
dict_keys(['piMain', 'piKitchen', 'piBedroom', 'localhost'])
received list of remotes
dict_keys(['piMain', 'piBedroom', 'localhost'])
received list of remotes
dict_keys(['piBedroom', 'localhost'])
received list of remotes
dict_keys(['piBedroom', 'localhost', 'piMain'])
received list of remotes
dict_keys(['piBedroom', 'localhost', 'piMain', 'piKitchen'])
received list of remotes
dict_keys(['piBedroom', 'localhost', 'piKitchen'])
received list of remotes
dict_keys(['piBedroom', 'localhost', 'piKitchen', 'piMain'])
received list of remotes
dict_keys(['piBedroom', 'localhost', 'piMain'])
received list of remotes
dict_keys(['piBedroom', 'localhost', 'piMain', 'piKitchen'])
received list of remotes
dict_keys(['piBedroom', 'localhost', 'piKitchen'])
received list of remotes
dict_keys(['piBedroom', 'localhost', 'piKitchen', 'piMain'])
received list of remotes
dict_keys(['piBedroom', 'localhost', 'piMain'])
received list of remotes
dict_keys(['piBedroom', 'localhost', 'piMain', 'piKitchen'])
received list of remotes
dict_keys(['piBedroom', 'localhost', 'piKitchen'])
received list of remotes
dict_keys(['piBedroom', 'localhost', 'piKitchen', 'piMain'])
received list of remotes
dict_keys(['piBedroom', 'localhost', 'piMain'])
received list of remotes
dict_keys(['piBedroom', 'localhost', 'piMain', 'piKitchen'])
received list of remotes
dict_keys(['piBedroom', 'localhost', 'piKitchen'])
received list of remotes
dict_keys(['piBedroom', 'localhost', 'piKitchen', 'piMain'])
received list of remotes
dict_keys(['piBedroom', 'localhost', 'piMain'])
received list of remotes
dict_keys(['piBedroom', 'localhost', 'piMain', 'piKitchen'])
received list of remotes
dict_keys(['piBedroom', 'localhost', 'piKitchen'])
received list of remotes
dict_keys(['piBedroom', 'localhost', 'piKitchen', 'piMain'])
received list of remotes
dict_keys(['piBedroom', 'localhost', 'piKitchen'])
received list of remotes
dict_keys(['piBedroom', 'localhost', 'piKitchen', 'piMain'])
received list of remotes
dict_keys(['piBedroom', 'localhost', 'piKitchen'])
received list of remotes
dict_keys(['piBedroom', 'localhost', 'piKitchen', 'piMain'])
received list of remotes
dict_keys(['piBedroom', 'localhost', 'piKitchen'])
received list of remotes
dict_keys(['piBedroom', 'localhost', 'piKitchen', 'piMain'])
received list of remotes
dict_keys(['piBedroom', 'localhost', 'piKitchen'])
received list of remotes
dict_keys(['piBedroom', 'localhost', 'piKitchen', 'piMain'])
received list of remotes
dict_keys(['piBedroom', 'localhost', 'piKitchen'])
received list of remotes
dict_keys(['piBedroom', 'localhost', 'piKitchen', 'piMain'])
received list of remotes
dict_keys(['piBedroom', 'localhost', 'piKitchen'])
received list of remotes
dict_keys(['piBedroom', 'localhost', 'piKitchen', 'piMain'])
closing app
[[1;32mINFO[0m   ] [Logger      ] Record log in /Users/mbrebion/.kivy/logs/kivy_19-07-10_0.txt
[[1;32mINFO[0m   ] [Kivy        ] v1.10.1
[[1;32mINFO[0m   ] [Python      ] v3.7.3 (default, Mar 27 2019, 09:23:15) 
[Clang 10.0.1 (clang-1001.0.46.3)]
[[1;32mINFO[0m   ] [Factory     ] 194 symbols loaded
[[1;32mINFO[0m   ] [Image       ] Providers: img_tex, img_imageio, img_dds, img_sdl2, img_pil, img_gif (img_ffpyplayer ignored)
[[1;32mINFO[0m   ] [Text        ] Provider: sdl2
[[1;32mINFO[0m   ] [Window      ] Provider: sdl2
[[1;32mINFO[0m   ] [GL          ] Using the "OpenGL ES 2" graphics system
[[1;32mINFO[0m   ] [GL          ] Backend used <gl>
[[1;32mINFO[0m   ] [GL          ] OpenGL version <b'2.1 INTEL-12.9.22'>
[[1;32mINFO[0m   ] [GL          ] OpenGL vendor <b'Intel Inc.'>
[[1;32mINFO[0m   ] [GL          ] OpenGL renderer <b'Intel HD Graphics 5000 OpenGL Engine'>
[[1;32mINFO[0m   ] [GL          ] OpenGL parsed version: 2, 1
[[1;32mINFO[0m   ] [GL          ] Shading version <b'1.20'>
[[1;32mINFO[0m   ] [GL          ] Texture max size <16384>
[[1;32mINFO[0m   ] [GL          ] Texture max units <16>
[[1;32mINFO[0m   ] [Window      ] auto add sdl2 input provider
[[1;32mINFO[0m   ] [Window      ] virtual keyboard not allowed, single mode, not docked
[[1;32mINFO[0m   ] [Base        ] Start application main loop
[[1;32mINFO[0m   ] [GL          ] NPOT texture support is available
[[1;32mINFO[0m   ] received list of remotes
[[1;32mINFO[0m   ] dict_keys(['piBedroom'])
[[1;32mINFO[0m   ] received list of remotes
[[1;32mINFO[0m   ] dict_keys(['piBedroom', 'piMain'])
[[1;32mINFO[0m   ] received list of remotes
[[1;32mINFO[0m   ] dict_keys(['piBedroom', 'piMain', 'piKitchen'])
[[1;32mINFO[0m   ] received list of remotes
[[1;32mINFO[0m   ] dict_keys(['piBedroom', 'piKitchen'])
[[1;32mINFO[0m   ] connection stopped with piMain
[[1;32mINFO[0m   ] received list of remotes
[[1;32mINFO[0m   ] dict_keys(['piKitchen'])
[[1;32mINFO[0m   ] connection stopped with piBedroom
[[1;32mINFO[0m   ] received list of remotes
[[1;32mINFO[0m   ] dict_keys([])
[[1;32mINFO[0m   ] connection stopped with piKitchen
[[1;32mINFO[0m   ] received list of remotes
[[1;32mINFO[0m   ] dict_keys(['piMain'])
[[1;32mINFO[0m   ] received list of remotes
[[1;32mINFO[0m   ] dict_keys(['piMain', 'piBedroom'])
[[1;32mINFO[0m   ] received list of remotes
[[1;32mINFO[0m   ] dict_keys(['piMain', 'piBedroom', 'piKitchen'])
 Exception in thread UDP thread:
 Traceback (most recent call last):
   File "/usr/local/Cellar/python/3.7.3/Frameworks/Python.framework/Versions/3.7/lib/python3.7/threading.py", line 917, in _bootstrap_inner
     self.run()
   File "/usr/local/Cellar/python/3.7.3/Frameworks/Python.framework/Versions/3.7/lib/python3.7/threading.py", line 865, in run
     self._target(*self._args, **self._kwargs)
   File "/Users/mbrebion/PycharmProjects/hifiView/libraries/connect.py", line 274, in _dealWithAdvertizing
     self._sendUDP(MSG_ALIVE, self.name)
   File "/Users/mbrebion/PycharmProjects/hifiView/libraries/connect.py", line 257, in _sendUDP
     self.my_UdpSocket.sendto((kind + SEP + mess).encode(), (self.multicast_ip, self.port))
 OSError: [Errno 50] Network is down
 
[[1;33mWARNING[0m] [problem with device ] piKitchen during tcp read (in _handleClient)
[[1;32mINFO[0m   ] received list of remotes
[[1;32mINFO[0m   ] dict_keys(['piMain', 'piBedroom'])
[[1;32mINFO[0m   ] connection stopped with piKitchen
[[1;32mINFO[0m   ] [Base        ] Leaving application in progress...
received untreated message : 25
received untreated message : 26
